<?xml version="1.0" encoding="UTF-8"?>
<!-- Generated by org.testng.reporters.JUnitXMLReporter -->
<testsuite ignored="0" hostname="Pravins-PC" failures="0" tests="2" name="Surefire test" time="0.14" errors="0" timestamp="2026-08-24T22:07:08 IST">
  <testcase classname="testcase.BaseClass" name="@BeforeClass setup" time="-1.787589428513E9">
    <failure type="org.testng.TestNGException" message="
Parameter &amp;apos;os&amp;apos; is required by BeforeClass on method setup but has not been marked @Optional or defined
">
      <![CDATA[org.testng.TestNGException: 
Parameter 'os' is required by BeforeClass on method setup but has not been marked @Optional or defined

at java.base/java.util.ArrayList.forEach(ArrayList.java:1511)
... Removed 27 stack frames]]>
    </failure>
  </testcase> <!-- @BeforeClass setup -->
  <testcase classname="testcase.BaseClass" name="@AfterClass teardown" time="0.0">
    <skipped/>
  </testcase> <!-- @AfterClass teardown -->
  <testcase classname="testcase.BaseClass" name="@BeforeClass setup" time="-1.787589428588E9">
    <failure type="org.testng.TestNGException" message="
Parameter &amp;apos;os&amp;apos; is required by BeforeClass on method setup but has not been marked @Optional or defined
">
      <![CDATA[org.testng.TestNGException: 
Parameter 'os' is required by BeforeClass on method setup but has not been marked @Optional or defined

at java.base/java.util.ArrayList.forEach(ArrayList.java:1511)
... Removed 27 stack frames]]>
    </failure>
  </testcase> <!-- @BeforeClass setup -->
  <testcase classname="testcase.BaseClass" name="@AfterClass teardown" time="0.0">
    <skipped/>
  </testcase> <!-- @AfterClass teardown -->
  <testcase classname="testcase.TC_001AccountRegistrationTest" name="verifyAccountRegistratiob" time="0.0">
    <skipped/>
  </testcase> <!-- verifyAccountRegistratiob -->
  <testcase classname="testcase.TC_002LoginTest" name="verify_login" time="0.0">
    <skipped/>
  </testcase> <!-- verify_login -->
</testsuite> <!-- Surefire test -->
