<?xml version="1.0" encoding="UTF-8"?>
<!-- Generated by org.testng.reporters.JUnitReportReporter -->
<testsuite hostname="Pravins-PC" failures="0" tests="3" name="TestCases.TC_AccountRegistrationTest" time="16.590" errors="0" timestamp="2026-08-23T18:53:16 IST" skipped="0">
  <testcase classname="TestCases.TC_AccountRegistrationTest" name="verifyAccountRegistratiob" time="4.376"/>
  <testcase classname="TestCases.TC_AccountRegistrationTest" name="verifyAccountRegistratiob" time="6.296"/>
  <testcase classname="TestCases.TC_AccountRegistrationTest" name="verifyAccountRegistratiob" time="5.918"/>
</testsuite> <!-- TestCases.TC_AccountRegistrationTest -->
